<?xml version="1.0" encoding="UTF-8"?>
<!-- Generated by org.testng.reporters.JUnitReportReporter -->
<testsuite hostname="EERO" failures="0" tests="1" name="runnerPack.JunitRunnerClass" time="0.070" errors="0" timestamp="2024-06-22T15:10:47 IST" skipped="0">
  <testcase classname="runnerPack.JunitRunnerClass" name="runScenario" time="0.070"/>
  <system-out/>
</testsuite> <!-- runnerPack.JunitRunnerClass -->
